<?xml version="1.0" encoding="UTF-8"?>
<!-- Generated by org.testng.reporters.JUnitReportReporter -->
<testsuite hostname="DESKTOP-T93JTV2" failures="0" tests="2" name="com.nokri.UpdateNokriProfile" time="4.108" errors="0" timestamp="2025-02-24T10:34:27 IST" skipped="0">
  <testcase classname="com.nokri.UpdateNokriProfile" name="updateResume" time="0.822"/>
  <testcase classname="com.nokri.UpdateNokriProfile" name="updateProfile" time="3.286"/>
</testsuite> <!-- com.nokri.UpdateNokriProfile -->
