<?xml version="1.0" encoding="UTF-8"?>
<!-- Generated by org.testng.reporters.JUnitReportReporter -->
<testsuite hostname="DESKTOP-T93JTV2" failures="0" tests="2" name="com.nokri.UpdateNokriProfile" time="3.478" errors="0" timestamp="2025-02-24T12:10:03 IST" skipped="0">
  <testcase classname="com.nokri.UpdateNokriProfile" name="updateResume" time="0.711"/>
  <testcase classname="com.nokri.UpdateNokriProfile" name="updateProfile" time="2.767"/>
</testsuite> <!-- com.nokri.UpdateNokriProfile -->
